#
# This file is autogenerated by pip-compile with Python 3.14
# by the following command:
#
#    bazel run //:requirements.update
#
bcrypt==5.0.0 \
    --hash=sha256:046ad6db88edb3c5ece4369af997938fb1c19d6a699b9c1b27b0db432faae4c4 \
    --hash=sha256:0c418ca99fd47e9c59a301744d63328f17798b5947b0f791e9af3c1c499c2d0a \
    --hash=sha256:0c8e093ea2532601a6f686edbc2c6b2ec24131ff5c52f7610dd64fa4553b5464 \
    --hash=sha256:0cae4cb350934dfd74c020525eeae0a5f79257e8a201c0c176f4b84fdbf2a4b4 \
    --hash=sha256:137c5156524328a24b9fac1cb5db0ba618bc97d11970b39184c1d87dc4bf1746 \
    --hash=sha256:200af71bc25f22006f4069060c88ed36f8aa4ff7f53e67ff04d2ab3f1e79a5b2 \
    --hash=sha256:212139484ab3207b1f0c00633d3be92fef3c5f0af17cad155679d03ff2ee1e41 \
    --hash=sha256:2b732e7d388fa22d48920baa267ba5d97cca38070b69c0e2d37087b381c681fd \
    --hash=sha256:35a77ec55b541e5e583eb3436ffbbf53b0ffa1fa16ca6782279daf95d146dcd9 \
    --hash=sha256:38cac74101777a6a7d3b3e3cfefa57089b5ada650dce2baf0cbdd9d65db22a9e \
    --hash=sha256:3abeb543874b2c0524ff40c57a4e14e5d3a66ff33fb423529c88f180fd756538 \
    --hash=sha256:3ca8a166b1140436e058298a34d88032ab62f15aae1c598580333dc21d27ef10 \
    --hash=sha256:3cf67a804fc66fc217e6914a5635000259fbbbb12e78a99488e4d5ba445a71eb \
    --hash=sha256:4870a52610537037adb382444fefd3706d96d663ac44cbb2f37e3919dca3d7ef \
    --hash=sha256:48f753100931605686f74e27a7b49238122aa761a9aefe9373265b8b7aa43ea4 \
    --hash=sha256:4bfd2a34de661f34d0bda43c3e4e79df586e4716ef401fe31ea39d69d581ef23 \
    --hash=sha256:560ddb6ec730386e7b3b26b8b4c88197aaed924430e7b74666a586ac997249ef \
    --hash=sha256:5b1589f4839a0899c146e8892efe320c0fa096568abd9b95593efac50a87cb75 \
    --hash=sha256:5feebf85a9cefda32966d8171f5db7e3ba964b77fdfe31919622256f80f9cf42 \
    --hash=sha256:611f0a17aa4a25a69362dcc299fda5c8a3d4f160e2abb3831041feb77393a14a \
    --hash=sha256:61afc381250c3182d9078551e3ac3a41da14154fbff647ddf52a769f588c4172 \
    --hash=sha256:64d7ce196203e468c457c37ec22390f1a61c85c6f0b8160fd752940ccfb3a683 \
    --hash=sha256:64ee8434b0da054d830fa8e89e1c8bf30061d539044a39524ff7dec90481e5c2 \
    --hash=sha256:6b8f520b61e8781efee73cba14e3e8c9556ccfb375623f4f97429544734545b4 \
    --hash=sha256:741449132f64b3524e95cd30e5cd3343006ce146088f074f31ab26b94e6c75ba \
    --hash=sha256:744d3c6b164caa658adcb72cb8cc9ad9b4b75c7db507ab4bc2480474a51989da \
    --hash=sha256:79cfa161eda8d2ddf29acad370356b47f02387153b11d46042e93a0a95127493 \
    --hash=sha256:7aeef54b60ceddb6f30ee3db090351ecf0d40ec6e2abf41430997407a46d2254 \
    --hash=sha256:7edda91d5ab52b15636d9c30da87d2cc84f426c72b9dba7a9b4fe142ba11f534 \
    --hash=sha256:7f277a4b3390ab4bebe597800a90da0edae882c6196d3038a73adf446c4f969f \
    --hash=sha256:7f4c94dec1b5ab5d522750cb059bb9409ea8872d4494fd152b53cca99f1ddd8c \
    --hash=sha256:801cad5ccb6b87d1b430f183269b94c24f248dddbbc5c1f78b6ed231743e001c \
    --hash=sha256:83e787d7a84dbbfba6f250dd7a5efd689e935f03dd83b0f919d39349e1f23f83 \
    --hash=sha256:89042e61b5e808b67daf24a434d89bab164d4de1746b37a8d173b6b14f3db9ff \
    --hash=sha256:92864f54fb48b4c718fc92a32825d0e42265a627f956bc0361fe869f1adc3e7d \
    --hash=sha256:9d52ed507c2488eddd6a95bccee4e808d3234fa78dd370e24bac65a21212b861 \
    --hash=sha256:9fffdb387abe6aa775af36ef16f55e318dcda4194ddbf82007a6f21da29de8f5 \
    --hash=sha256:a28bc05039bdf3289d757f49d616ab3efe8cf40d8e8001ccdd621cd4f98f4fc9 \
    --hash=sha256:a5393eae5722bcef046a990b84dff02b954904c36a194f6cfc817d7dca6c6f0b \
    --hash=sha256:a71f70ee269671460b37a449f5ff26982a6f2ba493b3eabdd687b4bf35f875ac \
    --hash=sha256:b17366316c654e1ad0306a6858e189fc835eca39f7eb2cafd6aaca8ce0c40a2e \
    --hash=sha256:baade0a5657654c2984468efb7d6c110db87ea63ef5a4b54732e7e337253e44f \
    --hash=sha256:c2388ca94ffee269b6038d48747f4ce8df0ffbea43f31abfa18ac72f0218effb \
    --hash=sha256:c58b56cdfb03202b3bcc9fd8daee8e8e9b6d7e3163aa97c631dfcfcc24d36c86 \
    --hash=sha256:cde08734f12c6a4e28dc6755cd11d3bdfea608d93d958fffbe95a7026ebe4980 \
    --hash=sha256:d79e5c65dcc9af213594d6f7f1fa2c98ad3fc10431e7aa53c176b441943efbdd \
    --hash=sha256:d8d65b564ec849643d9f7ea05c6d9f0cd7ca23bdd4ac0c2dbef1104ab504543d \
    --hash=sha256:db99dca3b1fdc3db87d7c57eac0c82281242d1eabf19dcb8a6b10eb29a2e72d1 \
    --hash=sha256:dcd58e2b3a908b5ecc9b9df2f0085592506ac2d5110786018ee5e160f28e0911 \
    --hash=sha256:dd19cf5184a90c873009244586396a6a884d591a5323f0e8a5922560718d4993 \
    --hash=sha256:ddb4e1500f6efdd402218ffe34d040a1196c072e07929b9820f363a1fd1f4191 \
    --hash=sha256:e3cf5b2560c7b5a142286f69bde914494b6d8f901aaa71e453078388a50881c4 \
    --hash=sha256:ed2e1365e31fc73f1825fa830f1c8f8917ca1b3ca6185773b349c20fd606cec2 \
    --hash=sha256:edfcdcedd0d0f05850c52ba3127b1fce70b9f89e0fe5ff16517df7e81fa3cbb8 \
    --hash=sha256:f0ce778135f60799d89c9693b9b398819d15f1921ba15fe719acb3178215a7db \
    --hash=sha256:f2347d3534e76bf50bca5500989d6c1d05ed64b440408057a37673282c654927 \
    --hash=sha256:f3c08197f3039bec79cee59a606d62b96b16669cff3949f21e74796b6e3cd2be \
    --hash=sha256:f632fd56fc4e61564f78b46a2269153122db34988e78b6be8b32d28507b7eaeb \
    --hash=sha256:f6984a24db30548fd39a44360532898c33528b74aedf81c26cf29c51ee47057e \
    --hash=sha256:f70aadb7a809305226daedf75d90379c397b094755a710d7014b8b117df1ebbf \
    --hash=sha256:f748f7c2d6fd375cc93d3fba7ef4a9e3a092421b8dbf34d8d4dc06be9492dfdd \
    --hash=sha256:f8429e1c410b4073944f03bd778a9e066e7fad723564a52ff91841d278dfc822 \
    --hash=sha256:fc746432b951e92b58317af8e0ca746efe93e66555f1b40888865ef5bf56446b
    # via paramiko
certifi==2026.1.4 \
    --hash=sha256:9943707519e4add1115f44c2bc244f782c0249876bf51b6599fee1ffbedd685c \
    --hash=sha256:ac726dd470482006e014ad384921ed6438c457018f4b3d204aea4281258b2120
    # via requests
cffi==2.0.0 \
    --hash=sha256:00bdf7acc5f795150faa6957054fbbca2439db2f775ce831222b66f192f03beb \
    --hash=sha256:07b271772c100085dd28b74fa0cd81c8fb1a3ba18b21e03d7c27f3436a10606b \
    --hash=sha256:087067fa8953339c723661eda6b54bc98c5625757ea62e95eb4898ad5e776e9f \
    --hash=sha256:0a1527a803f0a659de1af2e1fd700213caba79377e27e4693648c2923da066f9 \
    --hash=sha256:0cf2d91ecc3fcc0625c2c530fe004f82c110405f101548512cce44322fa8ac44 \
    --hash=sha256:0f6084a0ea23d05d20c3edcda20c3d006f9b6f3fefeac38f59262e10cef47ee2 \
    --hash=sha256:12873ca6cb9b0f0d3a0da705d6086fe911591737a59f28b7936bdfed27c0d47c \
    --hash=sha256:19f705ada2530c1167abacb171925dd886168931e0a7b78f5bffcae5c6b5be75 \
    --hash=sha256:1cd13c99ce269b3ed80b417dcd591415d3372bcac067009b6e0f59c7d4015e65 \
    --hash=sha256:1e3a615586f05fc4065a8b22b8152f0c1b00cdbc60596d187c2a74f9e3036e4e \
    --hash=sha256:1f72fb8906754ac8a2cc3f9f5aaa298070652a0ffae577e0ea9bd480dc3c931a \
    --hash=sha256:1fc9ea04857caf665289b7a75923f2c6ed559b8298a1b8c49e59f7dd95c8481e \
    --hash=sha256:203a48d1fb583fc7d78a4c6655692963b860a417c0528492a6bc21f1aaefab25 \
    --hash=sha256:2081580ebb843f759b9f617314a24ed5738c51d2aee65d31e02f6f7a2b97707a \
    --hash=sha256:21d1152871b019407d8ac3985f6775c079416c282e431a4da6afe7aefd2bccbe \
    --hash=sha256:24b6f81f1983e6df8db3adc38562c83f7d4a0c36162885ec7f7b77c7dcbec97b \
    --hash=sha256:256f80b80ca3853f90c21b23ee78cd008713787b1b1e93eae9f3d6a7134abd91 \
    --hash=sha256:28a3a209b96630bca57cce802da70c266eb08c6e97e5afd61a75611ee6c64592 \
    --hash=sha256:2c8f814d84194c9ea681642fd164267891702542f028a15fc97d4674b6206187 \
    --hash=sha256:2de9a304e27f7596cd03d16f1b7c72219bd944e99cc52b84d0145aefb07cbd3c \
    --hash=sha256:38100abb9d1b1435bc4cc340bb4489635dc2f0da7456590877030c9b3d40b0c1 \
    --hash=sha256:3925dd22fa2b7699ed2617149842d2e6adde22b262fcbfada50e3d195e4b3a94 \
    --hash=sha256:3e17ed538242334bf70832644a32a7aae3d83b57567f9fd60a26257e992b79ba \
    --hash=sha256:3e837e369566884707ddaf85fc1744b47575005c0a229de3327f8f9a20f4efeb \
    --hash=sha256:3f4d46d8b35698056ec29bca21546e1551a205058ae1a181d871e278b0b28165 \
    --hash=sha256:44d1b5909021139fe36001ae048dbdde8214afa20200eda0f64c068cac5d5529 \
    --hash=sha256:45d5e886156860dc35862657e1494b9bae8dfa63bf56796f2fb56e1679fc0bca \
    --hash=sha256:4647afc2f90d1ddd33441e5b0e85b16b12ddec4fca55f0d9671fef036ecca27c \
    --hash=sha256:4671d9dd5ec934cb9a73e7ee9676f9362aba54f7f34910956b84d727b0d73fb6 \
    --hash=sha256:53f77cbe57044e88bbd5ed26ac1d0514d2acf0591dd6bb02a3ae37f76811b80c \
    --hash=sha256:5eda85d6d1879e692d546a078b44251cdd08dd1cfb98dfb77b670c97cee49ea0 \
    --hash=sha256:5fed36fccc0612a53f1d4d9a816b50a36702c28a2aa880cb8a122b3466638743 \
    --hash=sha256:61d028e90346df14fedc3d1e5441df818d095f3b87d286825dfcbd6459b7ef63 \
    --hash=sha256:66f011380d0e49ed280c789fbd08ff0d40968ee7b665575489afa95c98196ab5 \
    --hash=sha256:6824f87845e3396029f3820c206e459ccc91760e8fa24422f8b0c3d1731cbec5 \
    --hash=sha256:6c6c373cfc5c83a975506110d17457138c8c63016b563cc9ed6e056a82f13ce4 \
    --hash=sha256:6d02d6655b0e54f54c4ef0b94eb6be0607b70853c45ce98bd278dc7de718be5d \
    --hash=sha256:6d50360be4546678fc1b79ffe7a66265e28667840010348dd69a314145807a1b \
    --hash=sha256:730cacb21e1bdff3ce90babf007d0a0917cc3e6492f336c2f0134101e0944f93 \
    --hash=sha256:737fe7d37e1a1bffe70bd5754ea763a62a066dc5913ca57e957824b72a85e205 \
    --hash=sha256:74a03b9698e198d47562765773b4a8309919089150a0bb17d829ad7b44b60d27 \
    --hash=sha256:7553fb2090d71822f02c629afe6042c299edf91ba1bf94951165613553984512 \
    --hash=sha256:7a66c7204d8869299919db4d5069a82f1561581af12b11b3c9f48c584eb8743d \
    --hash=sha256:7cc09976e8b56f8cebd752f7113ad07752461f48a58cbba644139015ac24954c \
    --hash=sha256:81afed14892743bbe14dacb9e36d9e0e504cd204e0b165062c488942b9718037 \
    --hash=sha256:8941aaadaf67246224cee8c3803777eed332a19d909b47e29c9842ef1e79ac26 \
    --hash=sha256:89472c9762729b5ae1ad974b777416bfda4ac5642423fa93bd57a09204712322 \
    --hash=sha256:8ea985900c5c95ce9db1745f7933eeef5d314f0565b27625d9a10ec9881e1bfb \
    --hash=sha256:8eca2a813c1cb7ad4fb74d368c2ffbbb4789d377ee5bb8df98373c2cc0dee76c \
    --hash=sha256:92b68146a71df78564e4ef48af17551a5ddd142e5190cdf2c5624d0c3ff5b2e8 \
    --hash=sha256:9332088d75dc3241c702d852d4671613136d90fa6881da7d770a483fd05248b4 \
    --hash=sha256:94698a9c5f91f9d138526b48fe26a199609544591f859c870d477351dc7b2414 \
    --hash=sha256:9a67fc9e8eb39039280526379fb3a70023d77caec1852002b4da7e8b270c4dd9 \
    --hash=sha256:9de40a7b0323d889cf8d23d1ef214f565ab154443c42737dfe52ff82cf857664 \
    --hash=sha256:a05d0c237b3349096d3981b727493e22147f934b20f6f125a3eba8f994bec4a9 \
    --hash=sha256:afb8db5439b81cf9c9d0c80404b60c3cc9c3add93e114dcae767f1477cb53775 \
    --hash=sha256:b18a3ed7d5b3bd8d9ef7a8cb226502c6bf8308df1525e1cc676c3680e7176739 \
    --hash=sha256:b1e74d11748e7e98e2f426ab176d4ed720a64412b6a15054378afdb71e0f37dc \
    --hash=sha256:b21e08af67b8a103c71a250401c78d5e0893beff75e28c53c98f4de42f774062 \
    --hash=sha256:b4c854ef3adc177950a8dfc81a86f5115d2abd545751a304c5bcf2c2c7283cfe \
    --hash=sha256:b882b3df248017dba09d6b16defe9b5c407fe32fc7c65a9c69798e6175601be9 \
    --hash=sha256:baf5215e0ab74c16e2dd324e8ec067ef59e41125d3eade2b863d294fd5035c92 \
    --hash=sha256:c649e3a33450ec82378822b3dad03cc228b8f5963c0c12fc3b1e0ab940f768a5 \
    --hash=sha256:c654de545946e0db659b3400168c9ad31b5d29593291482c43e3564effbcee13 \
    --hash=sha256:c6638687455baf640e37344fe26d37c404db8b80d037c3d29f58fe8d1c3b194d \
    --hash=sha256:c8d3b5532fc71b7a77c09192b4a5a200ea992702734a2e9279a37f2478236f26 \
    --hash=sha256:cb527a79772e5ef98fb1d700678fe031e353e765d1ca2d409c92263c6d43e09f \
    --hash=sha256:cf364028c016c03078a23b503f02058f1814320a56ad535686f90565636a9495 \
    --hash=sha256:d48a880098c96020b02d5a1f7d9251308510ce8858940e6fa99ece33f610838b \
    --hash=sha256:d68b6cef7827e8641e8ef16f4494edda8b36104d79773a334beaa1e3521430f6 \
    --hash=sha256:d9b29c1f0ae438d5ee9acb31cadee00a58c46cc9c0b2f9038c6b0b3470877a8c \
    --hash=sha256:d9b97165e8aed9272a6bb17c01e3cc5871a594a446ebedc996e2397a1c1ea8ef \
    --hash=sha256:da68248800ad6320861f129cd9c1bf96ca849a2771a59e0344e88681905916f5 \
    --hash=sha256:da902562c3e9c550df360bfa53c035b2f241fed6d9aef119048073680ace4a18 \
    --hash=sha256:dbd5c7a25a7cb98f5ca55d258b103a2054f859a46ae11aaf23134f9cc0d356ad \
    --hash=sha256:dd4f05f54a52fb558f1ba9f528228066954fee3ebe629fc1660d874d040ae5a3 \
    --hash=sha256:de8dad4425a6ca6e4e5e297b27b5c824ecc7581910bf9aee86cb6835e6812aa7 \
    --hash=sha256:e11e82b744887154b182fd3e7e8512418446501191994dbf9c9fc1f32cc8efd5 \
    --hash=sha256:e6e73b9e02893c764e7e8d5bb5ce277f1a009cd5243f8228f75f842bf937c534 \
    --hash=sha256:f73b96c41e3b2adedc34a7356e64c8eb96e03a3782b535e043a986276ce12a49 \
    --hash=sha256:f93fd8e5c8c0a4aa1f424d6173f14a892044054871c771f8566e4008eaa359d2 \
    --hash=sha256:fc33c5141b55ed366cfaad382df24fe7dcbc686de5be719b207bb248e3053dc5 \
    --hash=sha256:fc7de24befaeae77ba923797c7c87834c73648a05a4bde34b3b7e5588973a453 \
    --hash=sha256:fe562eb1a64e67dd297ccc4f5addea2501664954f2692b69a76449ec7913ecbf
    # via
    #   cryptography
    #   pynacl
charset-normalizer==3.4.4 \
    --hash=sha256:027f6de494925c0ab2a55eab46ae5129951638a49a34d87f4c3eda90f696b4ad \
    --hash=sha256:077fbb858e903c73f6c9db43374fd213b0b6a778106bc7032446a8e8b5b38b93 \
    --hash=sha256:0a98e6759f854bd25a58a73fa88833fba3b7c491169f86ce1180c948ab3fd394 \
    --hash=sha256:0d3d8f15c07f86e9ff82319b3d9ef6f4bf907608f53fe9d92b28ea9ae3d1fd89 \
    --hash=sha256:0f04b14ffe5fdc8c4933862d8306109a2c51e0704acfa35d51598eb45a1e89fc \
    --hash=sha256:11d694519d7f29d6cd09f6ac70028dba10f92f6cdd059096db198c283794ac86 \
    --hash=sha256:194f08cbb32dc406d6e1aea671a68be0823673db2832b38405deba2fb0d88f63 \
    --hash=sha256:1bee1e43c28aa63cb16e5c14e582580546b08e535299b8b6158a7c9c768a1f3d \
    --hash=sha256:21d142cc6c0ec30d2efee5068ca36c128a30b0f2c53c1c07bd78cb6bc1d3be5f \
    --hash=sha256:2437418e20515acec67d86e12bf70056a33abdacb5cb1655042f6538d6b085a8 \
    --hash=sha256:244bfb999c71b35de57821b8ea746b24e863398194a4014e4c76adc2bbdfeff0 \
    --hash=sha256:2677acec1a2f8ef614c6888b5b4ae4060cc184174a938ed4e8ef690e15d3e505 \
    --hash=sha256:277e970e750505ed74c832b4bf75dac7476262ee2a013f5574dd49075879e161 \
    --hash=sha256:2aaba3b0819274cc41757a1da876f810a3e4d7b6eb25699253a4effef9e8e4af \
    --hash=sha256:2b7d8f6c26245217bd2ad053761201e9f9680f8ce52f0fcd8d0755aeae5b2152 \
    --hash=sha256:2c9d3c380143a1fedbff95a312aa798578371eb29da42106a29019368a475318 \
    --hash=sha256:3162d5d8ce1bb98dd51af660f2121c55d0fa541b46dff7bb9b9f86ea1d87de72 \
    --hash=sha256:31fd66405eaf47bb62e8cd575dc621c56c668f27d46a61d975a249930dd5e2a4 \
    --hash=sha256:362d61fd13843997c1c446760ef36f240cf81d3ebf74ac62652aebaf7838561e \
    --hash=sha256:376bec83a63b8021bb5c8ea75e21c4ccb86e7e45ca4eb81146091b56599b80c3 \
    --hash=sha256:44c2a8734b333e0578090c4cd6b16f275e07aa6614ca8715e6c038e865e70576 \
    --hash=sha256:47cc91b2f4dd2833fddaedd2893006b0106129d4b94fdb6af1f4ce5a9965577c \
    --hash=sha256:4902828217069c3c5c71094537a8e623f5d097858ac6ca8252f7b4d10b7560f1 \
    --hash=sha256:4bd5d4137d500351a30687c2d3971758aac9a19208fc110ccb9d7188fbe709e8 \
    --hash=sha256:4fe7859a4e3e8457458e2ff592f15ccb02f3da787fcd31e0183879c3ad4692a1 \
    --hash=sha256:542d2cee80be6f80247095cc36c418f7bddd14f4a6de45af91dfad36d817bba2 \
    --hash=sha256:554af85e960429cf30784dd47447d5125aaa3b99a6f0683589dbd27e2f45da44 \
    --hash=sha256:5833d2c39d8896e4e19b689ffc198f08ea58116bee26dea51e362ecc7cd3ed26 \
    --hash=sha256:5947809c8a2417be3267efc979c47d76a079758166f7d43ef5ae8e9f92751f88 \
    --hash=sha256:5ae497466c7901d54b639cf42d5b8c1b6a4fead55215500d2f486d34db48d016 \
    --hash=sha256:5bd2293095d766545ec1a8f612559f6b40abc0eb18bb2f5d1171872d34036ede \
    --hash=sha256:5bfbb1b9acf3334612667b61bd3002196fe2a1eb4dd74d247e0f2a4d50ec9bbf \
    --hash=sha256:5cb4d72eea50c8868f5288b7f7f33ed276118325c1dfd3957089f6b519e1382a \
    --hash=sha256:5dbe56a36425d26d6cfb40ce79c314a2e4dd6211d51d6d2191c00bed34f354cc \
    --hash=sha256:5f819d5fe9234f9f82d75bdfa9aef3a3d72c4d24a6e57aeaebba32a704553aa0 \
    --hash=sha256:64b55f9dce520635f018f907ff1b0df1fdc31f2795a922fb49dd14fbcdf48c84 \
    --hash=sha256:6515f3182dbe4ea06ced2d9e8666d97b46ef4c75e326b79bb624110f122551db \
    --hash=sha256:65e2befcd84bc6f37095f5961e68a6f077bf44946771354a28ad434c2cce0ae1 \
    --hash=sha256:6aee717dcfead04c6eb1ce3bd29ac1e22663cdea57f943c87d1eab9a025438d7 \
    --hash=sha256:6b39f987ae8ccdf0d2642338faf2abb1862340facc796048b604ef14919e55ed \
    --hash=sha256:6e1fcf0720908f200cd21aa4e6750a48ff6ce4afe7ff5a79a90d5ed8a08296f8 \
    --hash=sha256:74018750915ee7ad843a774364e13a3db91682f26142baddf775342c3f5b1133 \
    --hash=sha256:74664978bb272435107de04e36db5a9735e78232b85b77d45cfb38f758efd33e \
    --hash=sha256:74bb723680f9f7a6234dcf67aea57e708ec1fbdf5699fb91dfd6f511b0a320ef \
    --hash=sha256:752944c7ffbfdd10c074dc58ec2d5a8a4cd9493b314d367c14d24c17684ddd14 \
    --hash=sha256:778d2e08eda00f4256d7f672ca9fef386071c9202f5e4607920b86d7803387f2 \
    --hash=sha256:780236ac706e66881f3b7f2f32dfe90507a09e67d1d454c762cf642e6e1586e0 \
    --hash=sha256:798d75d81754988d2565bff1b97ba5a44411867c0cf32b77a7e8f8d84796b10d \
    --hash=sha256:799a7a5e4fb2d5898c60b640fd4981d6a25f1c11790935a44ce38c54e985f828 \
    --hash=sha256:7a32c560861a02ff789ad905a2fe94e3f840803362c84fecf1851cb4cf3dc37f \
    --hash=sha256:7c308f7e26e4363d79df40ca5b2be1c6ba9f02bdbccfed5abddb7859a6ce72cf \
    --hash=sha256:7fa17817dc5625de8a027cb8b26d9fefa3ea28c8253929b8d6649e705d2835b6 \
    --hash=sha256:81d5eb2a312700f4ecaa977a8235b634ce853200e828fbadf3a9c50bab278328 \
    --hash=sha256:82004af6c302b5d3ab2cfc4cc5f29db16123b1a8417f2e25f9066f91d4411090 \
    --hash=sha256:837c2ce8c5a65a2035be9b3569c684358dfbf109fd3b6969630a87535495ceaa \
    --hash=sha256:840c25fb618a231545cbab0564a799f101b63b9901f2569faecd6b222ac72381 \
    --hash=sha256:8a6562c3700cce886c5be75ade4a5db4214fda19fede41d9792d100288d8f94c \
    --hash=sha256:8af65f14dc14a79b924524b1e7fffe304517b2bff5a58bf64f30b98bbc5079eb \
    --hash=sha256:8ef3c867360f88ac904fd3f5e1f902f13307af9052646963ee08ff4f131adafc \
    --hash=sha256:94537985111c35f28720e43603b8e7b43a6ecfb2ce1d3058bbe955b73404e21a \
    --hash=sha256:99ae2cffebb06e6c22bdc25801d7b30f503cc87dbd283479e7b606f70aff57ec \
    --hash=sha256:9a26f18905b8dd5d685d6d07b0cdf98a79f3c7a918906af7cc143ea2e164c8bc \
    --hash=sha256:9b35f4c90079ff2e2edc5b26c0c77925e5d2d255c42c74fdb70fb49b172726ac \
    --hash=sha256:9cd98cdc06614a2f768d2b7286d66805f94c48cde050acdbbb7db2600ab3197e \
    --hash=sha256:9d1bb833febdff5c8927f922386db610b49db6e0d4f4ee29601d71e7c2694313 \
    --hash=sha256:9f7fcd74d410a36883701fafa2482a6af2ff5ba96b9a620e9e0721e28ead5569 \
    --hash=sha256:a59cb51917aa591b1c4e6a43c132f0cdc3c76dbad6155df4e28ee626cc77a0a3 \
    --hash=sha256:a61900df84c667873b292c3de315a786dd8dac506704dea57bc957bd31e22c7d \
    --hash=sha256:a79cfe37875f822425b89a82333404539ae63dbdddf97f84dcbc3d339aae9525 \
    --hash=sha256:a8a8b89589086a25749f471e6a900d3f662d1d3b6e2e59dcecf787b1cc3a1894 \
    --hash=sha256:a8bf8d0f749c5757af2142fe7903a9df1d2e8aa3841559b2bad34b08d0e2bcf3 \
    --hash=sha256:a9768c477b9d7bd54bc0c86dbaebdec6f03306675526c9927c0e8a04e8f94af9 \
    --hash=sha256:ac1c4a689edcc530fc9d9aa11f5774b9e2f33f9a0c6a57864e90908f5208d30a \
    --hash=sha256:af2d8c67d8e573d6de5bc30cdb27e9b95e49115cd9baad5ddbd1a6207aaa82a9 \
    --hash=sha256:b435cba5f4f750aa6c0a0d92c541fb79f69a387c91e61f1795227e4ed9cece14 \
    --hash=sha256:b5b290ccc2a263e8d185130284f8501e3e36c5e02750fc6b6bdeb2e9e96f1e25 \
    --hash=sha256:b5d84d37db046c5ca74ee7bb47dd6cbc13f80665fdde3e8040bdd3fb015ecb50 \
    --hash=sha256:b7cf1017d601aa35e6bb650b6ad28652c9cd78ee6caff19f3c28d03e1c80acbf \
    --hash=sha256:bc7637e2f80d8530ee4a78e878bce464f70087ce73cf7c1caf142416923b98f1 \
    --hash=sha256:c0463276121fdee9c49b98908b3a89c39be45d86d1dbaa22957e38f6321d4ce3 \
    --hash=sha256:c4ef880e27901b6cc782f1b95f82da9313c0eb95c3af699103088fa0ac3ce9ac \
    --hash=sha256:c8ae8a0f02f57a6e61203a31428fa1d677cbe50c93622b4149d5c0f319c1d19e \
    --hash=sha256:ca5862d5b3928c4940729dacc329aa9102900382fea192fc5e52eb69d6093815 \
    --hash=sha256:cb01158d8b88ee68f15949894ccc6712278243d95f344770fa7593fa2d94410c \
    --hash=sha256:cb6254dc36b47a990e59e1068afacdcd02958bdcce30bb50cc1700a8b9d624a6 \
    --hash=sha256:cc00f04ed596e9dc0da42ed17ac5e596c6ccba999ba6bd92b0e0aef2f170f2d6 \
    --hash=sha256:cd09d08005f958f370f539f186d10aec3377d55b9eeb0d796025d4886119d76e \
    --hash=sha256:cd4b7ca9984e5e7985c12bc60a6f173f3c958eae74f3ef6624bb6b26e2abbae4 \
    --hash=sha256:ce8a0633f41a967713a59c4139d29110c07e826d131a316b50ce11b1d79b4f84 \
    --hash=sha256:cead0978fc57397645f12578bfd2d5ea9138ea0fac82b2f63f7f7c6877986a69 \
    --hash=sha256:d055ec1e26e441f6187acf818b73564e6e6282709e9bcb5b63f5b23068356a15 \
    --hash=sha256:d1f13550535ad8cff21b8d757a3257963e951d96e20ec82ab44bc64aeb62a191 \
    --hash=sha256:d9c7f57c3d666a53421049053eaacdd14bbd0a528e2186fcb2e672effd053bb0 \
    --hash=sha256:d9e45d7faa48ee908174d8fe84854479ef838fc6a705c9315372eacbc2f02897 \
    --hash=sha256:da3326d9e65ef63a817ecbcc0df6e94463713b754fe293eaa03da99befb9a5bd \
    --hash=sha256:de00632ca48df9daf77a2c65a484531649261ec9f25489917f09e455cb09ddb2 \
    --hash=sha256:e1f185f86a6f3403aa2420e815904c67b2f9ebc443f045edd0de921108345794 \
    --hash=sha256:e824f1492727fa856dd6eda4f7cee25f8518a12f3c4a56a74e8095695089cf6d \
    --hash=sha256:e912091979546adf63357d7e2ccff9b44f026c075aeaf25a52d0e95ad2281074 \
    --hash=sha256:eaabd426fe94daf8fd157c32e571c85cb12e66692f15516a83a03264b08d06c3 \
    --hash=sha256:ebf3e58c7ec8a8bed6d66a75d7fb37b55e5015b03ceae72a8e7c74495551e224 \
    --hash=sha256:ecaae4149d99b1c9e7b88bb03e3221956f68fd6d50be2ef061b2381b61d20838 \
    --hash=sha256:eecbc200c7fd5ddb9a7f16c7decb07b566c29fa2161a16cf67b8d068bd21690a \
    --hash=sha256:f155a433c2ec037d4e8df17d18922c3a0d9b3232a396690f17175d2946f0218d \
    --hash=sha256:f1e34719c6ed0b92f418c7c780480b26b5d9c50349e9a9af7d76bf757530350d \
    --hash=sha256:f34be2938726fc13801220747472850852fe6b1ea75869a048d6f896838c896f \
    --hash=sha256:f820802628d2694cb7e56db99213f930856014862f3fd943d290ea8438d07ca8 \
    --hash=sha256:f8bf04158c6b607d747e93949aa60618b61312fe647a6369f88ce2ff16043490 \
    --hash=sha256:f8e160feb2aed042cd657a72acc0b481212ed28b1b9a95c0cee1621b524e1966 \
    --hash=sha256:f9d332f8c2a2fcbffe1378594431458ddbef721c1769d78e2cbc06280d8155f9 \
    --hash=sha256:fa09f53c465e532f4d3db095e0c55b615f010ad81803d383195b6b5ca6cbf5f3 \
    --hash=sha256:faa3a41b2b66b6e50f84ae4a68c64fcd0c44355741c6374813a800cd6695db9e \
    --hash=sha256:fd44c878ea55ba351104cb93cc85e74916eb8fa440ca7903e57575e97394f608
    # via requests
cryptography==46.0.3 \
    --hash=sha256:00a5e7e87938e5ff9ff5447ab086a5706a957137e6e433841e9d24f38a065217 \
    --hash=sha256:01ca9ff2885f3acc98c29f1860552e37f6d7c7d013d7334ff2a9de43a449315d \
    --hash=sha256:09859af8466b69bc3c27bdf4f5d84a665e0f7ab5088412e9e2ec49758eca5cbc \
    --hash=sha256:0abf1ffd6e57c67e92af68330d05760b7b7efb243aab8377e583284dbab72c71 \
    --hash=sha256:1000713389b75c449a6e979ffc7dcc8ac90b437048766cef052d4d30b8220971 \
    --hash=sha256:109d4ddfadf17e8e7779c39f9b18111a09efb969a301a31e987416a0191ed93a \
    --hash=sha256:10b01676fc208c3e6feeb25a8b83d81767e8059e1fe86e1dc62d10a3018fa926 \
    --hash=sha256:10ca84c4668d066a9878890047f03546f3ae0a6b8b39b697457b7757aaf18dbc \
    --hash=sha256:15ab9b093e8f09daab0f2159bb7e47532596075139dd74365da52ecc9cb46c5d \
    --hash=sha256:191bb60a7be5e6f54e30ba16fdfae78ad3a342a0599eb4193ba88e3f3d6e185b \
    --hash=sha256:22d7e97932f511d6b0b04f2bfd818d73dcd5928db509460aaf48384778eb6d20 \
    --hash=sha256:23b1a8f26e43f47ceb6d6a43115f33a5a37d57df4ea0ca295b780ae8546e8044 \
    --hash=sha256:36e627112085bb3b81b19fed209c05ce2a52ee8b15d161b7c643a7d5a88491f3 \
    --hash=sha256:39b6755623145ad5eff1dab323f4eae2a32a77a7abef2c5089a04a3d04366715 \
    --hash=sha256:3b51b8ca4f1c6453d8829e1eb7299499ca7f313900dd4d89a24b8b87c0a780d4 \
    --hash=sha256:402b58fc32614f00980b66d6e56a5b4118e6cb362ae8f3fda141ba4689bd4506 \
    --hash=sha256:416260257577718c05135c55958b674000baef9a1c7d9e8f306ec60d71db850f \
    --hash=sha256:46acf53b40ea38f9c6c229599a4a13f0d46a6c3fa9ef19fc1a124d62e338dfa0 \
    --hash=sha256:4b7387121ac7d15e550f5cb4a43aef2559ed759c35df7336c402bb8275ac9683 \
    --hash=sha256:50fc3343ac490c6b08c0cf0d704e881d0d660be923fd3076db3e932007e726e3 \
    --hash=sha256:516ea134e703e9fe26bcd1277a4b59ad30586ea90c365a87781d7887a646fe21 \
    --hash=sha256:549e234ff32571b1f4076ac269fcce7a808d3bf98b76c8dd560e42dbc66d7d91 \
    --hash=sha256:5d7f93296ee28f68447397bf5198428c9aeeab45705a55d53a6343455dcb2c3c \
    --hash=sha256:5ecfccd2329e37e9b7112a888e76d9feca2347f12f37918facbb893d7bb88ee8 \
    --hash=sha256:6276eb85ef938dc035d59b87c8a7dc559a232f954962520137529d77b18ff1df \
    --hash=sha256:6b5063083824e5509fdba180721d55909ffacccc8adbec85268b48439423d78c \
    --hash=sha256:6eae65d4c3d33da080cff9c4ab1f711b15c1d9760809dad6ea763f3812d254cb \
    --hash=sha256:6f61efb26e76c45c4a227835ddeae96d83624fb0d29eb5df5b96e14ed1a0afb7 \
    --hash=sha256:71e842ec9bc7abf543b47cf86b9a743baa95f4677d22baa4c7d5c69e49e9bc04 \
    --hash=sha256:760f83faa07f8b64e9c33fc963d790a2edb24efb479e3520c14a45741cd9b2db \
    --hash=sha256:78a97cf6a8839a48c49271cdcbd5cf37ca2c1d6b7fdd86cc864f302b5e9bf459 \
    --hash=sha256:7ce938a99998ed3c8aa7e7272dca1a610401ede816d36d0693907d863b10d9ea \
    --hash=sha256:8a6e050cb6164d3f830453754094c086ff2d0b2f3a897a1d9820f6139a1f0914 \
    --hash=sha256:9394673a9f4de09e28b5356e7fff97d778f8abad85c9d5ac4a4b7e25a0de7717 \
    --hash=sha256:94cd0549accc38d1494e1f8de71eca837d0509d0d44bf11d158524b0e12cebf9 \
    --hash=sha256:a04bee9ab6a4da801eb9b51f1b708a1b5b5c9eb48c03f74198464c66f0d344ac \
    --hash=sha256:a23582810fedb8c0bc47524558fb6c56aac3fc252cb306072fd2815da2a47c32 \
    --hash=sha256:a2c0cd47381a3229c403062f764160d57d4d175e022c1df84e168c6251a22eec \
    --hash=sha256:a8b17438104fed022ce745b362294d9ce35b4c2e45c1d958ad4a4b019285f4a1 \
    --hash=sha256:a9a3008438615669153eb86b26b61e09993921ebdd75385ddd748702c5adfddb \
    --hash=sha256:b02cf04496f6576afffef5ddd04a0cb7d49cf6be16a9059d793a30b035f6b6ac \
    --hash=sha256:b419ae593c86b87014b9be7396b385491ad7f320bde96826d0dd174459e54665 \
    --hash=sha256:c0a7bb1a68a5d3471880e264621346c48665b3bf1c3759d682fc0864c540bd9e \
    --hash=sha256:c70cc23f12726be8f8bc72e41d5065d77e4515efae3690326764ea1b07845cfb \
    --hash=sha256:c8daeb2d2174beb4575b77482320303f3d39b8e81153da4f0fb08eb5fe86a6c5 \
    --hash=sha256:cb3d760a6117f621261d662bccc8ef5bc32ca673e037c83fbe565324f5c46936 \
    --hash=sha256:d55f3dffadd674514ad19451161118fd010988540cee43d8bc20675e775925de \
    --hash=sha256:d89c3468de4cdc4f08a57e214384d0471911a3830fcdaf7a8cc587e42a866372 \
    --hash=sha256:db391fa7c66df6762ee3f00c95a89e6d428f4d60e7abc8328f4fe155b5ac6e54 \
    --hash=sha256:dfb781ff7eaa91a6f7fd41776ec37c5853c795d3b358d4896fdbb5df168af422 \
    --hash=sha256:e5bf0ed4490068a2e72ac03d786693adeb909981cc596425d09032d372bcc849 \
    --hash=sha256:e7aec276d68421f9574040c26e2a7c3771060bc0cff408bae1dcb19d3ab1e63c \
    --hash=sha256:ef639cb3372f69ec44915fafcd6698b6cc78fbe0c2ea41be867f6ed612811963 \
    --hash=sha256:f260d0d41e9b4da1ed1e0f1ce571f97fe370b152ab18778e9e8f67d6af432018
    # via paramiko
fire==0.7.1 \
    --hash=sha256:3b208f05c736de98fb343310d090dcc4d8c78b2a89ea4f32b837c586270a9cbf \
    --hash=sha256:e43fd8a5033a9001e7e2973bab96070694b9f12f2e0ecf96d4683971b5ab1882
    # via -r requirements.in
idna==3.11 \
    --hash=sha256:771a87f49d9defaf64091e6e6fe9c18d4833f140bd19464795bc32d966ca37ea \
    --hash=sha256:795dafcc9c04ed0c1fb032c2aa73654d8e8c5023a7df64a53f39190ada629902
    # via requests
invoke==2.2.1 \
    --hash=sha256:2413bc441b376e5cd3f55bb5d364f973ad8bdd7bf87e53c79de3c11bf3feecc8 \
    --hash=sha256:515bf49b4a48932b79b024590348da22f39c4942dff991ad1fb8b8baea1be707
    # via paramiko
mutagen==1.47.0 \
    --hash=sha256:719fadef0a978c31b4cf3c956261b3c58b6948b32023078a2117b1de09f0fc99 \
    --hash=sha256:edd96f50c5907a9539d8e5bba7245f62c9f520aef333d13392a79a4f70aca719
    # via -r requirements.in
numpy==2.4.1 \
    --hash=sha256:0093e85df2960d7e4049664b26afc58b03236e967fb942354deef3208857a04c \
    --hash=sha256:09aa8a87e45b55a1c2c205d42e2808849ece5c484b2aab11fecabec3841cafba \
    --hash=sha256:0cce2a669e3c8ba02ee563c7835f92c153cf02edff1ae05e1823f1dde21b16a5 \
    --hash=sha256:0e6e8f9d9ecf95399982019c01223dc130542960a12edfa8edd1122dfa66a8a8 \
    --hash=sha256:0f118ce6b972080ba0758c6087c3617b5ba243d806268623dc34216d69099ba0 \
    --hash=sha256:178de8f87948163d98a4c9ab5bee4ce6519ca918926ec8df195af582de28544d \
    --hash=sha256:18e14c4d09d55eef39a6ab5b08406e84bc6869c1e34eef45564804f90b7e0574 \
    --hash=sha256:2023ef86243690c2791fd6353e5b4848eedaa88ca8a2d129f462049f6d484696 \
    --hash=sha256:20d4649c773f66cc2fc36f663e091f57c3b7655f936a4c681b4250855d1da8f5 \
    --hash=sha256:2302dc0224c1cbc49bb94f7064f3f923a971bfae45c33870dcbff63a2a550505 \
    --hash=sha256:26f0bcd9c79a00e339565b303badc74d3ea2bd6d52191eeca5f95936cad107d0 \
    --hash=sha256:297c72b1b98100c2e8f873d5d35fb551fce7040ade83d67dd51d38c8d42a2162 \
    --hash=sha256:2f44de05659b67d20499cbc96d49f2650769afcb398b79b324bb6e297bfe3844 \
    --hash=sha256:2ffd257026eb1b34352e749d7cc1678b5eeec3e329ad8c9965a797e08ccba205 \
    --hash=sha256:382ad67d99ef49024f11d1ce5dcb5ad8432446e4246a4b014418ba3a1175a1f4 \
    --hash=sha256:3869ea1ee1a1edc16c29bbe3a2f2a4e515cc3a44d43903ad41e0cacdbaf733dc \
    --hash=sha256:3d1a100e48cb266090a031397863ff8a30050ceefd798f686ff92c67a486753d \
    --hash=sha256:423797bdab2eeefbe608d7c1ec7b2b4fd3c58d51460f1ee26c7500a1d9c9ee93 \
    --hash=sha256:42d7dd5fa36d16d52a84f821eb96031836fd405ee6955dd732f2023724d0aa01 \
    --hash=sha256:49e792ec351315e16da54b543db06ca8a86985ab682602d90c60ef4ff4db2a9c \
    --hash=sha256:4e53170557d37ae404bf8d542ca5b7c629d6efa1117dac6a83e394142ea0a43f \
    --hash=sha256:4f1b68ff47680c2925f8063402a693ede215f0257f02596b1318ecdfb1d79e33 \
    --hash=sha256:4f9c360ecef085e5841c539a9a12b883dff005fbd7ce46722f5e9cef52634d82 \
    --hash=sha256:529050522e983e00a6c1c6b67411083630de8b57f65e853d7b03d9281b8694d2 \
    --hash=sha256:52b5f61bdb323b566b528899cc7db2ba5d1015bda7ea811a8bcf3c89c331fa42 \
    --hash=sha256:538bf4ec353709c765ff75ae616c34d3c3dca1a68312727e8f2676ea644f8509 \
    --hash=sha256:5adf01965456a664fc727ed69cc71848f28d063217c63e1a0e200a118d5eec9a \
    --hash=sha256:5b55aa56165b17aaf15520beb9cbd33c9039810e0d9643dd4379e44294c7303e \
    --hash=sha256:5d558123217a83b2d1ba316b986e9248a1ed1971ad495963d555ccd75dcb1556 \
    --hash=sha256:5de60946f14ebe15e713a6f22850c2372fa72f4ff9a432ab44aa90edcadaa65a \
    --hash=sha256:62fea415f83ad8fdb6c20840578e5fbaf5ddd65e0ec6c3c47eda0f69da172510 \
    --hash=sha256:6436cffb4f2bf26c974344439439c95e152c9a527013f26b3577be6c2ca64295 \
    --hash=sha256:6461de5113088b399d655d45c3897fa188766415d0f568f175ab071c8873bd73 \
    --hash=sha256:69e7419c9012c4aaf695109564e3387f1259f001b4326dfa55907b098af082d3 \
    --hash=sha256:71abbea030f2cfc3092a0ff9f8c8fdefdc5e0bf7d9d9c99663538bb0ecdac0b9 \
    --hash=sha256:7211b95ca365519d3596a1d8688a95874cc94219d417504d9ecb2df99fa7bfa8 \
    --hash=sha256:727c6c3275ddefa0dc078524a85e064c057b4f4e71ca5ca29a19163c607be745 \
    --hash=sha256:79e9e06c4c2379db47f3f6fc7a8652e7498251789bf8ff5bd43bf478ef314ca2 \
    --hash=sha256:7ad270f438cbdd402c364980317fb6b117d9ec5e226fff5b4148dd9aa9fc6e02 \
    --hash=sha256:7d5d7999df434a038d75a748275cd6c0094b0ecdb0837342b332a82defc4dc4d \
    --hash=sha256:8097529164c0f3e32bb89412a0905d9100bf434d9692d9fc275e18dcf53c9344 \
    --hash=sha256:82c55962006156aeef1629b953fd359064aa47e4d82cfc8e67f0918f7da3344f \
    --hash=sha256:8361ea4220d763e54cff2fbe7d8c93526b744f7cd9ddab47afeff7e14e8503be \
    --hash=sha256:899d2c18024984814ac7e83f8f49d8e8180e2fbe1b2e252f2e7f1d06bea92425 \
    --hash=sha256:8ad35f20be147a204e28b6a0575fbf3540c5e5f802634d4258d55b1ff5facce1 \
    --hash=sha256:8f085da926c0d491ffff3096f91078cc97ea67e7e6b65e490bc8dcda65663be2 \
    --hash=sha256:9171a42fcad32dcf3fa86f0a4faa5e9f8facefdb276f54b8b390d90447cff4e2 \
    --hash=sha256:92a0e65272fd60bfa0d9278e0484c2f52fe03b97aedc02b357f33fe752c52ffb \
    --hash=sha256:941c2a93313d030f219f3a71fd3d91a728b82979a5e8034eb2e60d394a2b83f9 \
    --hash=sha256:98b35775e03ab7f868908b524fc0a84d38932d8daf7b7e1c3c3a1b6c7a2c9f15 \
    --hash=sha256:a1ceafc5042451a858231588a104093474c6a5c57dcc724841f5c888d237d690 \
    --hash=sha256:a73044b752f5d34d4232f25f18160a1cc418ea4507f5f11e299d8ac36875f8a0 \
    --hash=sha256:a7870e8c5fc11aef57d6fea4b4085e537a3a60ad2cdd14322ed531fdca68d261 \
    --hash=sha256:a92f227dbcdc9e4c3e193add1a189a9909947d4f8504c576f4a732fd0b54240a \
    --hash=sha256:ac08c63cb7779b85e9d5318e6c3518b424bc1f364ac4cb2c6136f12e5ff2dccc \
    --hash=sha256:b6bcf39112e956594b3331316d90c90c90fb961e39696bda97b89462f5f3943f \
    --hash=sha256:c0faba4a331195bfa96f93dd9dfaa10b2c7aa8cda3a02b7fd635e588fe821bf5 \
    --hash=sha256:ce9ce141a505053b3c7bce3216071f3bf5c182b8b28930f14cd24d43932cd2df \
    --hash=sha256:cf6470d91d34bf669f61d515499859fa7a4c2f7c36434afb70e82df7217933f9 \
    --hash=sha256:d3703409aac693fa82c0aee023a1ae06a6e9d065dba10f5e8e80f642f1e9d0a2 \
    --hash=sha256:d3e3087f53e2b4428766b54932644d148613c5a595150533ae7f00dab2f319a8 \
    --hash=sha256:d3f8f0df9f4b8be57b3bf74a1d087fec68f927a2fab68231fdb442bf2c12e426 \
    --hash=sha256:d797454e37570cfd61143b73b8debd623c3c0952959adb817dd310a483d58a1b \
    --hash=sha256:e1a27bb1b2dee45a2a53f5ca6ff2d1a7f135287883a1689e930d44d1ff296c87 \
    --hash=sha256:e3bd2cb07841166420d2fa7146c96ce00cb3410664cbc1a6be028e456c4ee220 \
    --hash=sha256:e7b6b5e28bbd47b7532698e5db2fe1db693d84b58c254e4389d99a27bb9b8f6b \
    --hash=sha256:e867df947d427cdd7a60e3e271729090b0f0df80f5f10ab7dd436f40811699c3 \
    --hash=sha256:ea66d2b41ca4a1630aae5507ee0a71647d3124d1741980138aa8f28f44dac36e \
    --hash=sha256:edee228f76ee2dab4579fad6f51f6a305de09d444280109e0f75df247ff21501 \
    --hash=sha256:f0a90aba7d521e6954670550e561a4cb925713bd944445dbe9e729b71f6cabee \
    --hash=sha256:f93bc6892fe7b0663e5ffa83b61aab510aacffd58c16e012bb9352d489d90cb7 \
    --hash=sha256:fb1461c99de4d040666ca0444057b06541e5642f800b71c56e6ea92d6a853a0c
    # via -r requirements.in
paramiko==4.0.0 \
    --hash=sha256:0e20e00ac666503bf0b4eda3b6d833465a2b7aff2e2b3d79a8bba5ef144ee3b9 \
    --hash=sha256:6a25f07b380cc9c9a88d2b920ad37167ac4667f8d9886ccebd8f90f654b5d69f
    # via -r requirements.in
pillow==12.1.0 \
    --hash=sha256:00162e9ca6d22b7c3ee8e61faa3c3253cd19b6a37f126cad04f2f88b306f557d \
    --hash=sha256:079af2fb0c599c2ec144ba2c02766d1b55498e373b3ac64687e43849fbbef5bc \
    --hash=sha256:0b022eaaf709541b391ee069f0022ee5b36c709df71986e3f7be312e46f42c84 \
    --hash=sha256:0c27407a2d1b96774cbc4a7594129cc027339fd800cd081e44497722ea1179de \
    --hash=sha256:0ddedfaa8b5f0b4ffbc2fa87b556dc59f6bb4ecb14a53b33f9189713ae8053c0 \
    --hash=sha256:0deedf2ea233722476b3a81e8cdfbad786f7adbed5d848469fa59fe52396e4ef \
    --hash=sha256:0ed07dca4a8464bada6139ab38f5382f83e5f111698caf3191cb8dbf27d908b4 \
    --hash=sha256:0fde7ec5538ab5095cc02df38ee99b0443ff0e1c847a045554cf5f9af1f4aa82 \
    --hash=sha256:15c794d74303828eaa957ff8070846d0efe8c630901a1c753fdc63850e19ecd9 \
    --hash=sha256:1a949604f73eb07a8adab38c4fe50791f9919344398bdc8ac6b307f755fc7030 \
    --hash=sha256:1f345e7bc9d7f368887c712aa5054558bad44d2a301ddf9248599f4161abc7c0 \
    --hash=sha256:1fcc52d86ce7a34fd17cb04e87cfdb164648a3662a6f20565910a99653d66c18 \
    --hash=sha256:21e686a21078b0f9cb8c8a961d99e6a4ddb88e0fc5ea6e130172ddddc2e5221a \
    --hash=sha256:2415373395a831f53933c23ce051021e79c8cd7979822d8cc478547a3f4da8ef \
    --hash=sha256:277518bf4fe74aa91489e1b20577473b19ee70fb97c374aa50830b279f25841b \
    --hash=sha256:27b9baecb428899db6c0de572d6d305cfaf38ca1596b5c0542a5182e3e74e8c6 \
    --hash=sha256:29a4cef9cb672363926f0470afc516dbf7305a14d8c54f7abbb5c199cd8f8179 \
    --hash=sha256:3413c2ae377550f5487991d444428f1a8ae92784aac79caa8b1e3b89b175f77e \
    --hash=sha256:351889afef0f485b84078ea40fe33727a0492b9af3904661b0abbafee0355b72 \
    --hash=sha256:3ffaa2f0659e2f740473bcf03c702c39a8d4b2b7ffc629052028764324842c64 \
    --hash=sha256:40a8e3b9e8773876d6e30daed22f016509e3987bab61b3b7fe309d7019a87451 \
    --hash=sha256:414b9a78e14ffeb98128863314e62c3f24b8a86081066625700b7985b3f529bd \
    --hash=sha256:43aca0a55ce1eefc0aefa6253661cb54571857b1a7b2964bd8a1e3ef4b729924 \
    --hash=sha256:43b4899cfd091a9693a1278c4982f3e50f7fb7cff5153b05174b4afc9593b616 \
    --hash=sha256:461f9dfdafa394c59cd6d818bdfdbab4028b83b02caadaff0ffd433faf4c9a7a \
    --hash=sha256:4f9f6a650743f0ddee5593ac9e954ba1bdbc5e150bc066586d4f26127853ab94 \
    --hash=sha256:53d8b764726d3af1a138dd353116f774e3862ec7e3794e0c8781e30db0f35dfc \
    --hash=sha256:565c986f4b45c020f5421a4cea13ef294dde9509a8577f29b2fc5edc7587fff8 \
    --hash=sha256:5c5ae0a06e9ea030ab786b0251b32c7e4ce10e58d983c0d5c56029455180b5b9 \
    --hash=sha256:5cb7bc1966d031aec37ddb9dcf15c2da5b2e9f7cc3ca7c54473a20a927e1eb91 \
    --hash=sha256:5da841d81b1a05ef940a8567da92decaa15bc4d7dedb540a8c219ad83d91808a \
    --hash=sha256:5fee4c04aad8932da9f8f710af2c1a15a83582cfb884152a9caa79d4efcdbf9c \
    --hash=sha256:609e89d9f90b581c8d16358c9087df76024cf058fa693dd3e1e1620823f39670 \
    --hash=sha256:6258f3260986990ba2fa8a874f8b6e808cf5abb51a94015ca3dc3c68aa4f30ea \
    --hash=sha256:64efdf00c09e31efd754448a383ea241f55a994fd079866b92d2bbff598aad91 \
    --hash=sha256:65b80c1ee7e14a87d6a068dd3b0aea268ffcabfe0498d38661b00c5b4b22e74c \
    --hash=sha256:6741e6f3074a35e47c77b23a4e4f2d90db3ed905cb1c5e6e0d49bff2045632bc \
    --hash=sha256:681088909d7e8fa9e31b9799aaa59ba5234c58e5e4f1951b4c4d1082a2e980e0 \
    --hash=sha256:6b7a9d1db5dad90e2991645874f708e87d9a3c370c243c2d7684d28f7e133e6b \
    --hash=sha256:7315f9137087c4e0ee73a761b163fc9aa3b19f5f606a7fc08d83fd3e4379af65 \
    --hash=sha256:742aea052cf5ab5034a53c3846165bc3ce88d7c38e954120db0ab867ca242661 \
    --hash=sha256:75af0b4c229ac519b155028fa1be632d812a519abba9b46b20e50c6caa184f19 \
    --hash=sha256:7b5dd7cbae20285cdb597b10eb5a2c13aa9de6cde9bb64a3c1317427b1db1ae1 \
    --hash=sha256:7d6daa89a00b58c37cb1747ec9fb7ac3bc5ffd5949f5888657dfddde6d1312e0 \
    --hash=sha256:800429ac32c9b72909c671aaf17ecd13110f823ddb7db4dfef412a5587c2c24e \
    --hash=sha256:806f3987ffe10e867bab0ddad45df1148a2b98221798457fa097ad85d6e8bc75 \
    --hash=sha256:808b99604f7873c800c4840f55ff389936ef1948e4e87645eaf3fccbc8477ac4 \
    --hash=sha256:80941e6d573197a0c28f394753de529bb436b1ca990ed6e765cf42426abc39f8 \
    --hash=sha256:84cabc7095dd535ca934d57e9ce2a72ffd216e435a84acb06b2277b1de2689bd \
    --hash=sha256:8637e29d13f478bc4f153d8daa9ffb16455f0a6cb287da1b432fdad2bfbd66c7 \
    --hash=sha256:896866d2d436563fa2a43a9d72f417874f16b5545955c54a64941e87c1376c61 \
    --hash=sha256:8e178e3e99d3c0ea8fc64b88447f7cac8ccf058af422a6cedc690d0eadd98c51 \
    --hash=sha256:907bfa8a9cb790748a9aa4513e37c88c59660da3bcfffbd24a7d9e6abf224551 \
    --hash=sha256:9212d6b86917a2300669511ed094a9406888362e085f2431a7da985a6b124f45 \
    --hash=sha256:92a7fe4225365c5e3a8e598982269c6d6698d3e783b3b1ae979e7819f9cd55c1 \
    --hash=sha256:935b9d1aed48fcfb3f838caac506f38e29621b44ccc4f8a64d575cb1b2a88644 \
    --hash=sha256:97e9993d5ed946aba26baf9c1e8cf18adbab584b99f452ee72f7ee8acb882796 \
    --hash=sha256:983976c2ab753166dc66d36af6e8ec15bb511e4a25856e2227e5f7e00a160587 \
    --hash=sha256:9f5fefaca968e700ad1a4a9de98bf0869a94e397fe3524c4c9450c1445252304 \
    --hash=sha256:a332ac4ccb84b6dde65dbace8431f3af08874bf9770719d32a635c4ef411b18b \
    --hash=sha256:a40905599d8079e09f25027423aed94f2823adaf2868940de991e53a449e14a8 \
    --hash=sha256:a6dfc2af5b082b635af6e08e0d1f9f1c4e04d17d4e2ca0ef96131e85eda6eb17 \
    --hash=sha256:a786bf667724d84aa29b5db1c61b7bfdde380202aaca12c3461afd6b71743171 \
    --hash=sha256:a83e0850cb8f5ac975291ebfc4170ba481f41a28065277f7f735c202cd8e0af3 \
    --hash=sha256:aa0c9cc0b82b14766a99fbe6084409972266e82f459821cd26997a488a7261a7 \
    --hash=sha256:b17fbdbe01c196e7e159aacb889e091f28e61020a8abeac07b68079b6e626988 \
    --hash=sha256:b63e13dd27da389ed9475b3d28510f0f954bca0041e8e551b2a4eb1eab56a39a \
    --hash=sha256:b6e53e82ec2db0717eabb276aa56cf4e500c9a7cec2c2e189b55c24f65a3e8c0 \
    --hash=sha256:bb0984b30e973f7e2884362b7d23d0a348c7143ee559f38ef3eaab640144204c \
    --hash=sha256:bc11908616c8a283cf7d664f77411a5ed2a02009b0097ff8abbba5e79128ccf2 \
    --hash=sha256:bdec5e43377761c5dbca620efb69a77f6855c5a379e32ac5b158f54c84212b14 \
    --hash=sha256:bef9768cab184e7ae6e559c032e95ba8d07b3023c289f79a2bd36e8bf85605a5 \
    --hash=sha256:c990547452ee2800d8506c4150280757f88532f3de2a58e3022e9b179107862a \
    --hash=sha256:ca94b6aac0d7af2a10ba08c0f888b3d5114439b6b3ef39968378723622fed377 \
    --hash=sha256:cad302dc10fac357d3467a74a9561c90609768a6f73a1923b0fd851b6486f8b0 \
    --hash=sha256:d0a7735df32ccbcc98b98a1ac785cc4b19b580be1bdf0aeb5c03223220ea09d5 \
    --hash=sha256:d70347c8a5b7ccd803ec0c85c8709f036e6348f1e6a5bf048ecd9c64d3550b8b \
    --hash=sha256:d70534cea9e7966169ad29a903b99fc507e932069a881d0965a1a84bb57f6c6d \
    --hash=sha256:db44d5c160a90df2d24a24760bbd37607d53da0b34fb546c4c232af7192298ac \
    --hash=sha256:e115c15e3bc727b1ca3e641a909f77f8ca72a64fff150f666fcc85e57701c26c \
    --hash=sha256:e2479c7f02f9d505682dc47df8c0ea1fc5e264c4d1629a5d63fe3e2334b89554 \
    --hash=sha256:e5dcbe95016e88437ecf33544ba5db21ef1b8dd6e1b434a2cb2a3d605299e643 \
    --hash=sha256:e6bdb408f7c9dd2a5ff2b14a3b0bb6d4deb29fb9961e6eb3ae2031ae9a5cec13 \
    --hash=sha256:e75d3dba8fc1ddfec0cd752108f93b83b4f8d6ab40e524a95d35f016b9683b09 \
    --hash=sha256:efdc140e7b63b8f739d09a99033aa430accce485ff78e6d311973a67b6bf3208 \
    --hash=sha256:f10c98f49227ed8383d28174ee95155a675c4ed7f85e2e573b04414f7e371bda \
    --hash=sha256:f188028b5af6b8fb2e9a76ac0f841a575bd1bd396e46ef0840d9b88a48fdbcea \
    --hash=sha256:f188d580bd870cda1e15183790d1cc2fa78f666e76077d103edf048eed9c356e \
    --hash=sha256:f45bd71d1fa5e5749587613037b172e0b3b23159d1c00ef2fc920da6f470e6f0 \
    --hash=sha256:f61333d817698bdcdd0f9d7793e365ac3d2a21c1f1eb02b32ad6aefb8d8ea831 \
    --hash=sha256:fb125d860738a09d363a88daa0f59c4533529a90e564785e20fe875b200b6dbd
    # via -r requirements.in
pycparser==3.0 \
    --hash=sha256:600f49d217304a5902ac3c37e1281c9fe94e4d0489de643a9504c5cdfdfc6b29 \
    --hash=sha256:b727414169a36b7d524c1c3e31839a521725078d7b2ff038656844266160a992
    # via cffi
pynacl==1.6.2 \
    --hash=sha256:018494d6d696ae03c7e656e5e74cdfd8ea1326962cc401bcf018f1ed8436811c \
    --hash=sha256:04316d1fc625d860b6c162fff704eb8426b1a8bcd3abacea11142cbd99a6b574 \
    --hash=sha256:22de65bb9010a725b0dac248f353bb072969c94fa8d6b1f34b87d7953cf7bbe4 \
    --hash=sha256:26bfcd00dcf2cf160f122186af731ae30ab120c18e8375684ec2670dccd28130 \
    --hash=sha256:2fef529ef3ee487ad8113d287a593fa26f48ee3620d92ecc6f1d09ea38e0709b \
    --hash=sha256:320ef68a41c87547c91a8b58903c9caa641ab01e8512ce291085b5fe2fcb7590 \
    --hash=sha256:3bffb6d0f6becacb6526f8f42adfb5efb26337056ee0831fb9a7044d1a964444 \
    --hash=sha256:44081faff368d6c5553ccf55322ef2819abb40e25afaec7e740f159f74813634 \
    --hash=sha256:46065496ab748469cdd999246d17e301b2c24ae2fdf739132e580a0e94c94a87 \
    --hash=sha256:5811c72b473b2f38f7e2a3dc4f8642e3a3e9b5e7317266e4ced1fba85cae41aa \
    --hash=sha256:622d7b07cc5c02c666795792931b50c91f3ce3c2649762efb1ef0d5684c81594 \
    --hash=sha256:62985f233210dee6548c223301b6c25440852e13d59a8b81490203c3227c5ba0 \
    --hash=sha256:68be3a09455743ff9505491220b64440ced8973fe930f270c8e07ccfa25b1f9e \
    --hash=sha256:834a43af110f743a754448463e8fd61259cd4ab5bbedcf70f9dabad1d28a394c \
    --hash=sha256:8845c0631c0be43abdd865511c41eab235e0be69c81dc66a50911594198679b0 \
    --hash=sha256:8a66d6fb6ae7661c58995f9c6435bda2b1e68b54b598a6a10247bfcdadac996c \
    --hash=sha256:8b097553b380236d51ed11356c953bf8ce36a29a3e596e934ecabe76c985a577 \
    --hash=sha256:a84bf1c20339d06dc0c85d9aea9637a24f718f375d861b2668b2f9f96fa51145 \
    --hash=sha256:a9f9932d8d2811ce1a8ffa79dcbdf3970e7355b5c8eb0c1a881a57e7f7d96e88 \
    --hash=sha256:bc4a36b28dd72fb4845e5d8f9760610588a96d5a51f01d84d8c6ff9849968c14 \
    --hash=sha256:c8a231e36ec2cab018c4ad4358c386e36eede0319a0c41fed24f840b1dac59f6 \
    --hash=sha256:c949ea47e4206af7c8f604b8278093b674f7c79ed0d4719cc836902bf4517465 \
    --hash=sha256:d071c6a9a4c94d79eb665db4ce5cedc537faf74f2355e4d502591d850d3913c0 \
    --hash=sha256:d29bfe37e20e015a7d8b23cfc8bd6aa7909c92a1b8f41ee416bbb3e79ef182b2 \
    --hash=sha256:fe9847ca47d287af41e82be1dd5e23023d3c31a951da134121ab02e42ac218c9
    # via paramiko
requests==2.32.5 \
    --hash=sha256:2462f94637a34fd532264295e186976db0f5d453d1cdd31473c85a6a161affb6 \
    --hash=sha256:dbba0bac56e100853db0ea71b82b4dfd5fe2bf6d3754a8893c3af500cec7d7cf
    # via -r requirements.in
termcolor==3.3.0 \
    --hash=sha256:348871ca648ec6a9a983a13ab626c0acce02f515b9e1983332b17af7979521c5 \
    --hash=sha256:cf642efadaf0a8ebbbf4bc7a31cec2f9b5f21a9f726f4ccbb08192c9c26f43a5
    # via fire
urllib3==2.6.3 \
    --hash=sha256:1b62b6884944a57dbe321509ab94fd4d3b307075e0c2eae991ac71ee15ad38ed \
    --hash=sha256:bf272323e553dfb2e87d9bfd225ca7b0f467b919d7bbd355436d3fd37cb0acd4
    # via requests
